<?xml version="1.0" encoding="UTF-8"?>
<!-- Generated by org.testng.reporters.JUnitXMLReporter -->
<testsuite hostname="Kajal-PC" ignored="0" name="Test" tests="3" failures="0" timestamp="02 Jun 2020 13:37:56 GMT" time="13.986" errors="0">
  <testcase name="test1_HomePage" time="0.398" classname="testSuite.SanityTest"/>
  <testcase name="test2_login" time="3.155" classname="testSuite.SanityTest"/>
  <testcase name="test3_VerifyLogin" time="0.236" classname="testSuite.SanityTest"/>
</testsuite> <!-- Test -->
