<?xml version="1.0" encoding="UTF-8"?>
<!-- Generated by org.testng.reporters.JUnitXMLReporter -->
<testsuite hostname="Kajal-PC" name="Default test" tests="4" failures="0" timestamp="16 Apr 2020 12:12:32 GMT" time="30.068" errors="0">
  <testcase name="test1_HomePage" time="0.532" classname="test.SanityTest"/>
  <testcase name="test2_login" time="3.621" classname="test.SanityTest"/>
  <testcase name="test3_VerifyLogin" time="0.621" classname="test.SanityTest"/>
  <testcase name="gotoInsurancePage" time="5.814" classname="test.SanityTest"/>
</testsuite> <!-- Default test -->
