<?xml version="1.0" encoding="UTF-8"?>
<!-- Generated by org.testng.reporters.JUnitXMLReporter -->
<testsuite hostname="Kajal-PC" name="Default test" tests="4" failures="0" timestamp="18 Apr 2020 11:33:36 GMT" time="50.056" errors="0">
  <testcase name="test1_HomePage" time="0.092" classname="test.SanityTest"/>
  <testcase name="test2_login" time="33.232" classname="test.SanityTest"/>
  <testcase name="test3_VerifyLogin" time="0.761" classname="test.SanityTest"/>
  <testcase name="test4_gotoInsurancePage" time="5.489" classname="test.SanityTest"/>
</testsuite> <!-- Default test -->
