<?xml version="1.0" encoding="UTF-8"?>
<!-- Generated by org.testng.reporters.JUnitXMLReporter -->
<testsuite hostname="Kajal-PC" ignored="0" name="Default test" tests="3" failures="0" timestamp="02 Jun 2020 15:03:45 GMT" time="21.581" errors="0">
  <testcase name="test1_HomePage" time="0.245" classname="testSuite.SanityTest"/>
  <testcase name="test2_login" time="3.904" classname="testSuite.SanityTest"/>
  <testcase name="test3_VerifyLogin" time="0.066" classname="testSuite.SanityTest"/>
</testsuite> <!-- Default test -->
